W:\TEACHING\UFCF93-30-1 2013\ASSIGNMENTS\ASSIGNMENT 2\BATTLESHIPBOT\BATTLESHIPBOT\DEBUG\BATTLESHIPBOT.PCH
W:\TEACHING\UFCF93-30-1 2013\ASSIGNMENTS\ASSIGNMENT 2\BATTLESHIPBOT\BATTLESHIPBOT\DEBUG\STDAFX.OBJ
W:\TEACHING\UFCF93-30-1 2013\ASSIGNMENTS\ASSIGNMENT 2\BATTLESHIPBOT\BATTLESHIPBOT\DEBUG\VC110.PDB
W:\TEACHING\UFCF93-30-1 2013\ASSIGNMENTS\ASSIGNMENT 2\BATTLESHIPBOT\BATTLESHIPBOT\DEBUG\BATTLESHIPBOT.OBJ
W:\TEACHING\UFCF93-30-1 2013\ASSIGNMENTS\ASSIGNMENT 2\BATTLESHIPBOT\DEBUG\BATTLESHIPBOT.ILK
W:\TEACHING\UFCF93-30-1 2013\ASSIGNMENTS\ASSIGNMENT 2\BATTLESHIPBOT\DEBUG\BATTLESHIPBOT.EXE
W:\TEACHING\UFCF93-30-1 2013\ASSIGNMENTS\ASSIGNMENT 2\BATTLESHIPBOT\DEBUG\BATTLESHIPBOT.PDB
W:\Teaching\UFCF93-30-1 2013\Assignments\Assignment 2\BattleshipBot\BattleshipBot\Debug\BattleshipBot.obj
W:\Teaching\UFCF93-30-1 2013\Assignments\Assignment 2\BattleshipBot\BattleshipBot\Debug\stdafx.obj
W:\Teaching\UFCF93-30-1 2013\Assignments\Assignment 2\BattleshipBot\BattleshipBot\Debug\cl.command.1.tlog
W:\Teaching\UFCF93-30-1 2013\Assignments\Assignment 2\BattleshipBot\BattleshipBot\Debug\CL.read.1.tlog
W:\Teaching\UFCF93-30-1 2013\Assignments\Assignment 2\BattleshipBot\BattleshipBot\Debug\CL.write.1.tlog
W:\Teaching\UFCF93-30-1 2013\Assignments\Assignment 2\BattleshipBot\BattleshipBot\Debug\link-cvtres.read.1.tlog
W:\Teaching\UFCF93-30-1 2013\Assignments\Assignment 2\BattleshipBot\BattleshipBot\Debug\link-cvtres.write.1.tlog
W:\Teaching\UFCF93-30-1 2013\Assignments\Assignment 2\BattleshipBot\BattleshipBot\Debug\link-rc.read.1.tlog
W:\Teaching\UFCF93-30-1 2013\Assignments\Assignment 2\BattleshipBot\BattleshipBot\Debug\link-rc.write.1.tlog
W:\Teaching\UFCF93-30-1 2013\Assignments\Assignment 2\BattleshipBot\BattleshipBot\Debug\link.5268-cvtres.read.1.tlog
W:\Teaching\UFCF93-30-1 2013\Assignments\Assignment 2\BattleshipBot\BattleshipBot\Debug\link.5268-cvtres.write.1.tlog
W:\Teaching\UFCF93-30-1 2013\Assignments\Assignment 2\BattleshipBot\BattleshipBot\Debug\link.5268-rc.read.1.tlog
W:\Teaching\UFCF93-30-1 2013\Assignments\Assignment 2\BattleshipBot\BattleshipBot\Debug\link.5268-rc.write.1.tlog
W:\Teaching\UFCF93-30-1 2013\Assignments\Assignment 2\BattleshipBot\BattleshipBot\Debug\link.5268.read.1.tlog
W:\Teaching\UFCF93-30-1 2013\Assignments\Assignment 2\BattleshipBot\BattleshipBot\Debug\link.5268.write.1.tlog
W:\Teaching\UFCF93-30-1 2013\Assignments\Assignment 2\BattleshipBot\BattleshipBot\Debug\link.command.1.tlog
W:\Teaching\UFCF93-30-1 2013\Assignments\Assignment 2\BattleshipBot\BattleshipBot\Debug\link.read.1.tlog
W:\Teaching\UFCF93-30-1 2013\Assignments\Assignment 2\BattleshipBot\BattleshipBot\Debug\link.write.1.tlog
W:\Teaching\UFCF93-30-1 2013\Assignments\Assignment 2\BattleshipBot\BattleshipBot\Debug\BattleshipBot.pch
W:\Teaching\UFCF93-30-1 2013\Assignments\Assignment 2\BattleshipBot\BattleshipBot\Debug\vc110.idb
W:\Teaching\UFCF93-30-1 2013\Assignments\Assignment 2\BattleshipBot\BattleshipBot\Debug\vc110.pdb
W:\Teaching\UFCF93-30-1 2013\Assignments\Assignment 2\BattleshipBot\Debug\BattleshipBot.pdb
W:\Teaching\UFCF93-30-1 2013\Assignments\Assignment 2\BattleshipBot\Debug\BattleshipBot.exe
W:\Teaching\UFCF93-30-1 2013\Assignments\Assignment 2\BattleshipBot\Debug\BattleshipBot.ilk
